#
# There is insufficient memory for the Java Runtime Environment to continue.
# Native memory allocation (mmap) failed to map 134217728 bytes for G1 virtual space
# Possible reasons:
#   The system is out of physical RAM or swap space
#   The process is running with CompressedOops enabled, and the Java Heap may be blocking the growth of the native heap
# Possible solutions:
#   Reduce memory load on the system
#   Increase physical memory or swap space
#   Check if swap backing store is full
#   Decrease Java heap size (-Xmx/-Xms)
#   Decrease number of Java threads
#   Decrease Java thread stack sizes (-Xss)
#   Set larger code cache with -XX:ReservedCodeCacheSize=
#   JVM is running with Unscaled Compressed Oops mode in which the Java heap is
#     placed in the first 4GB address space. The Java Heap base address is the
#     maximum limit for the native heap growth. Please use -XX:HeapBaseMinAddress
#     to set the Java Heap base and to place the Java Heap above 4GB virtual address.
# This output file may be truncated or incomplete.
#
#  Out of Memory Error (os_windows.cpp:3469), pid=8588, tid=22944
#
# JRE version:  (17.0.1+12) (build )
# Java VM: OpenJDK 64-Bit Server VM (17.0.1+12-39, mixed mode, sharing, tiered, compressed oops, compressed class ptrs, g1 gc, windows-amd64)
# No core dump will be written. Minidumps are not enabled by default on client versions of Windows
#

---------------  S U M M A R Y ------------

Command Line: -javaagent:C:\Program Files\JetBrains\IntelliJ IDEA Community Edition 2021.3.2\lib\idea_rt.jar=51711:C:\Program Files\JetBrains\IntelliJ IDEA Community Edition 2021.3.2\bin -Dfile.encoding=UTF-8 Main

Host: Intel(R) Core(TM) i5-5200U CPU @ 2.20GHz, 4 cores, 7G,  Windows 10 , 64 bit Build 19041 (10.0.19041.1741)
Time: Thu Jul  7 15:48:06 2022 ora legale Europa occidentale elapsed time: 0.021584 seconds (0d 0h 0m 0s)

---------------  T H R E A D  ---------------

Current thread (0x000002409587c0f0):  JavaThread "Unknown thread" [_thread_in_vm, id=22944, stack(0x000000515ee00000,0x000000515ef00000)]

Stack: [0x000000515ee00000,0x000000515ef00000]
Native frames: (J=compiled Java code, j=interpreted, Vv=VM code, C=native code)
V  [jvm.dll+0x66fa1a]
V  [jvm.dll+0x7ce5a4]
V  [jvm.dll+0x7cfd4e]
V  [jvm.dll+0x7d03b3]
V  [jvm.dll+0x242b05]
V  [jvm.dll+0x66ca39]
V  [jvm.dll+0x661502]
V  [jvm.dll+0x30081b]
V  [jvm.dll+0x307da6]
V  [jvm.dll+0x357a1e]
V  [jvm.dll+0x357c4f]
V  [jvm.dll+0x2d7ad8]
V  [jvm.dll+0x2d8a44]
V  [jvm.dll+0x7a01e1]
V  [jvm.dll+0x365791]
V  [jvm.dll+0x77f6cc]
V  [jvm.dll+0x3e812f]
V  [jvm.dll+0x3e9bd1]
C  [jli.dll+0x527b]
C  [ucrtbase.dll+0x21bb2]
C  [KERNEL32.DLL+0x17034]
C  [ntdll.dll+0x52651]


---------------  P R O C E S S  ---------------

Threads class SMR info:
_java_thread_list=0x00007ffe83d67818, length=0, elements={
}

Java Threads: ( => current thread )

Other Threads:
  0x00000240958bb240 GCTaskThread "GC Thread#0" [stack: 0x000000515ef00000,0x000000515f000000] [id=14952]
  0x00000240958cbf40 ConcurrentGCThread "G1 Main Marker" [stack: 0x000000515f000000,0x000000515f100000] [id=8712]
  0x00000240958ce500 ConcurrentGCThread "G1 Conc#0" [stack: 0x000000515f100000,0x000000515f200000] [id=108]

[error occurred during error reporting (printing all threads), id 0xc0000005, EXCEPTION_ACCESS_VIOLATION (0xc0000005) at pc=0x00007ffe835b84b7]

VM state: not at safepoint (not fully initialized)

VM Mutex/Monitor currently owned by a thread:  ([mutex/lock_event])
[0x00000240958775e0] Heap_lock - owner thread: 0x000002409587c0f0

Heap address: 0x0000000081200000, size: 2030 MB, Compressed Oops mode: 32-bit

CDS archive(s) mapped at: [0x0000000000000000-0x0000000000000000-0x0000000000000000), size 0, SharedBaseAddress: 0x0000000800000000, ArchiveRelocationMode: 0.
Narrow klass base: 0x0000000000000000, Narrow klass shift: 0, Narrow klass range: 0x0

GC Precious Log:
<Empty>

Heap:
 garbage-first heap   total 0K, used 0K [0x0000000081200000, 0x0000000100000000)
  region size 1024K, 0 young (0K), 0 survivors (0K)

[error occurred during error reporting (printing heap information), id 0xc0000005, EXCEPTION_ACCESS_VIOLATION (0xc0000005) at pc=0x00007ffe83998d89]

GC Heap History (0 events):
No events

Deoptimization events (0 events):
No events

Classes unloaded (0 events):
No events

Classes redefined (0 events):
No events

Internal exceptions (0 events):
No events

VM Operations (0 events):
No events

Events (1 events):
Event: 0.015 Loaded shared library C:\Program Files\Java\jdk-17.0.1\bin\java.dll


Dynamic libraries:
0x00007ff678da0000 - 0x00007ff678dae000 	C:\Program Files\Java\jdk-17.0.1\bin\java.exe
0x00007ffed1e30000 - 0x00007ffed2027000 	C:\WINDOWS\SYSTEM32\ntdll.dll
0x00007ffed0fa0000 - 0x00007ffed105d000 	C:\WINDOWS\System32\KERNEL32.DLL
0x00007ffecf6b0000 - 0x00007ffecf97d000 	C:\WINDOWS\System32\KERNELBASE.dll
0x00007ffecf9f0000 - 0x00007ffecfaf0000 	C:\WINDOWS\System32\ucrtbase.dll
0x00007ffec4d40000 - 0x00007ffec4d58000 	C:\Program Files\Java\jdk-17.0.1\bin\jli.dll
0x00007ffed0540000 - 0x00007ffed06e0000 	C:\WINDOWS\System32\USER32.dll
0x00007ffecfcc0000 - 0x00007ffecfce2000 	C:\WINDOWS\System32\win32u.dll
0x00007ffed0470000 - 0x00007ffed049a000 	C:\WINDOWS\System32\GDI32.dll
0x00007ffecfd80000 - 0x00007ffecfe8b000 	C:\WINDOWS\System32\gdi32full.dll
0x00007ffecfb70000 - 0x00007ffecfc0d000 	C:\WINDOWS\System32\msvcp_win.dll
0x00007ffec4d20000 - 0x00007ffec4d3a000 	C:\Program Files\Java\jdk-17.0.1\bin\VCRUNTIME140.dll
0x00007ffebcfe0000 - 0x00007ffebd27a000 	C:\WINDOWS\WinSxS\amd64_microsoft.windows.common-controls_6595b64144ccf1df_6.0.19041.1110_none_60b5254171f9507e\COMCTL32.dll
0x00007ffecff70000 - 0x00007ffed000e000 	C:\WINDOWS\System32\msvcrt.dll
0x00007ffed0510000 - 0x00007ffed0540000 	C:\WINDOWS\System32\IMM32.DLL
0x00007ffec60a0000 - 0x00007ffec60ac000 	C:\Program Files\Java\jdk-17.0.1\bin\vcruntime140_1.dll
0x00007ffea48e0000 - 0x00007ffea496d000 	C:\Program Files\Java\jdk-17.0.1\bin\msvcp140.dll
0x00007ffe832d0000 - 0x00007ffe83e8e000 	C:\Program Files\Java\jdk-17.0.1\bin\server\jvm.dll
0x00007ffed1b80000 - 0x00007ffed1c2e000 	C:\WINDOWS\System32\ADVAPI32.dll
0x00007ffed06e0000 - 0x00007ffed077c000 	C:\WINDOWS\System32\sechost.dll
0x00007ffed0e70000 - 0x00007ffed0f95000 	C:\WINDOWS\System32\RPCRT4.dll
0x00007ffed0850000 - 0x00007ffed0858000 	C:\WINDOWS\System32\PSAPI.DLL
0x00007ffeb3f70000 - 0x00007ffeb3f79000 	C:\WINDOWS\SYSTEM32\WSOCK32.dll
0x00007ffed04a0000 - 0x00007ffed050b000 	C:\WINDOWS\System32\WS2_32.dll
0x00007ffebd900000 - 0x00007ffebd927000 	C:\WINDOWS\SYSTEM32\WINMM.dll
0x00007ffec4af0000 - 0x00007ffec4afa000 	C:\WINDOWS\SYSTEM32\VERSION.dll
0x00007ffecde30000 - 0x00007ffecde42000 	C:\WINDOWS\SYSTEM32\kernel.appcore.dll
0x00007ffec4e00000 - 0x00007ffec4e0a000 	C:\Program Files\Java\jdk-17.0.1\bin\jimage.dll
0x00007ffecd420000 - 0x00007ffecd604000 	C:\WINDOWS\SYSTEM32\DBGHELP.DLL
0x00007ffeb2f80000 - 0x00007ffeb2fac000 	C:\WINDOWS\SYSTEM32\dbgcore.DLL
0x00007ffecfcf0000 - 0x00007ffecfd72000 	C:\WINDOWS\System32\bcryptPrimitives.dll
0x00007ffec1b60000 - 0x00007ffec1b6e000 	C:\Program Files\Java\jdk-17.0.1\bin\instrument.dll
0x00007ffebc5b0000 - 0x00007ffebc5d5000 	C:\Program Files\Java\jdk-17.0.1\bin\java.dll

dbghelp: loaded successfully - version: 4.0.5 - missing functions: none
symbol engine: initialized successfully - sym options: 0x614 - pdb path: .;C:\Program Files\Java\jdk-17.0.1\bin;C:\WINDOWS\SYSTEM32;C:\WINDOWS\WinSxS\amd64_microsoft.windows.common-controls_6595b64144ccf1df_6.0.19041.1110_none_60b5254171f9507e;C:\Program Files\Java\jdk-17.0.1\bin\server

VM Arguments:
jvm_args: -javaagent:C:\Program Files\JetBrains\IntelliJ IDEA Community Edition 2021.3.2\lib\idea_rt.jar=51711:C:\Program Files\JetBrains\IntelliJ IDEA Community Edition 2021.3.2\bin -Dfile.encoding=UTF-8 
java_command: Main
java_class_path (initial): C:\Users\Davide\IdeaProjects\Develhope\Esercizio_SQL_04-Alter\out\production\Esercizio_SQL_04-Alter
Launcher Type: SUN_STANDARD

[Global flags]
     intx CICompilerCount                          = 3                                         {product} {ergonomic}
     uint ConcGCThreads                            = 1                                         {product} {ergonomic}
     uint G1ConcRefinementThreads                  = 4                                         {product} {ergonomic}
   size_t G1HeapRegionSize                         = 1048576                                   {product} {ergonomic}
    uintx GCDrainStackTargetSize                   = 64                                        {product} {ergonomic}
   size_t InitialHeapSize                          = 134217728                                 {product} {ergonomic}
   size_t MarkStackSize                            = 4194304                                   {product} {ergonomic}
   size_t MaxHeapSize                              = 2128609280                                {product} {ergonomic}
   size_t MinHeapDeltaBytes                        = 1048576                                   {product} {ergonomic}
   size_t MinHeapSize                              = 8388608                                   {product} {ergonomic}
    uintx NonNMethodCodeHeapSize                   = 5832780                                {pd product} {ergonomic}
    uintx NonProfiledCodeHeapSize                  = 122912730                              {pd product} {ergonomic}
    uintx ProfiledCodeHeapSize                     = 122912730                              {pd product} {ergonomic}
    uintx ReservedCodeCacheSize                    = 251658240                              {pd product} {ergonomic}
     bool SegmentedCodeCache                       = true                                      {product} {ergonomic}
   size_t SoftMaxHeapSize                          = 2128609280                             {manageable} {ergonomic}
     bool UseCompressedClassPointers               = true                           {product lp64_product} {ergonomic}
     bool UseCompressedOops                        = true                           {product lp64_product} {ergonomic}
     bool UseG1GC                                  = true                                      {product} {ergonomic}
     bool UseLargePagesIndividualAllocation        = false                                  {pd product} {ergonomic}

Logging:
Log output configuration:
 #0: stdout all=warning uptime,level,tags
 #1: stderr all=off uptime,level,tags

Environment Variables:
PATH=C:\Programmi\Java\jdk-17.0.1\bin;C:\Program Files\Common Files\Oracle\Java\javapath;C:\Program Files\Broadcom\Broadcom 802.11 Network Adapter;C:\Program Files\Broadcom\Broadcom 802.11;C:\Program Files (x86)\Intel\iCLS Client\;C:\Program Files\Intel\iCLS Client\;C:\WINDOWS\system32;C:\WINDOWS;C:\WINDOWS\System32\Wbem;C:\WINDOWS\System32\WindowsPowerShell\v1.0\;C:\Program Files\Hewlett-Packard\SimplePass\;C:\Program Files\Intel\Intel(R) Management Engine Components\DAL;C:\Program Files\Intel\Intel(R) Management Engine Components\IPT;C:\Program Files (x86)\Windows Live\Shared;C:\Android;C:\Windows\System32;C:\WINDOWS\System32\OpenSSH\;C:\Program Files\NVIDIA Corporation\NVIDIA NvDLISR;C:\ProgramData\chocolatey\bin;C:\Program Files (x86)\NVIDIA Corporation\PhysX\Common;C:\Program Files\Git\cmd;C:\Programmi\Java\jdk-17.0.1\bin;C:\Users\Davide\AppData\Local\Microsoft\WindowsApps;C:\Users\Davide\AppData\Local\Apps\Infocert\Dike GoSign\RAO;C:\Program Files\JetBrains\IntelliJ IDEA Community Edition 2021.3.2\bin;;C:\Users\Davide\AppData\Local\GitHubDesktop\bin;C:\Users\Davide\AppData\Local\Programs\Microsoft VS Code\bin
USERNAME=Davide
OS=Windows_NT
PROCESSOR_IDENTIFIER=Intel64 Family 6 Model 61 Stepping 4, GenuineIntel



---------------  S Y S T E M  ---------------

OS:
 Windows 10 , 64 bit Build 19041 (10.0.19041.1741)
OS uptime: 22 days 1:59 hours

CPU: total 4 (initial active 4) (2 cores per cpu, 2 threads per core) family 6 model 61 stepping 4 microcode 0x2d, cx8, cmov, fxsr, ht, mmx, 3dnowpref, sse, sse2, sse3, ssse3, sse4.1, sse4.2, popcnt, lzcnt, tsc, tscinvbit, avx, avx2, aes, erms, clmul, bmi1, bmi2, adx, fma, vzeroupper, clflush

Memory: 4k page, system-wide physical 8114M (767M free)
TotalPageFile size 32690M (AvailPageFile size 47M)
current process WorkingSet (physical memory assigned to process): 10M, peak: 10M
current process commit charge ("private bytes"): 51M, peak: 179M

vm_info: OpenJDK 64-Bit Server VM (17.0.1+12-39) for windows-amd64 JRE (17.0.1+12-39), built on Sep 27 2021 18:39:29 by "mach5one" with MS VC++ 16.8 (VS2019)

END.
